{
  "uid" : "76441908ea44395d",
  "name" : "test_eval[6*9-42]",
  "fullName" : "test_pytest.test_expectation#test_eval",
  "historyId" : "284c92bb3d8fc1d9d2b4384108c552c7",
  "time" : {
    "start" : 1647928437738,
    "stop" : 1647928437738,
    "duration" : 0
  },
  "status" : "failed",
  "statusMessage" : "AssertionError: assert 54 == 42\n +  where 54 = eval('6*9')",
  "statusTrace" : "test_input = '6*9', expected = 42\n\n    @pytest.mark.parametrize(\"test_input,expected\", [(\"3+5\", 8), (\"2+4\", 6), (\"6*9\", 42)])\n    def test_eval(test_input, expected):\n>       assert eval(test_input) == expected\nE       AssertionError: assert 54 == 42\nE        +  where 54 = eval('6*9')\n\ntest_pytest\\test_expectation.py:6: AssertionError",
  "flaky" : false,
  "newFailed" : false,
  "newBroken" : false,
  "newPassed" : false,
  "retriesCount" : 3,
  "retriesStatusChange" : false,
  "beforeStages" : [ ],
  "afterStages" : [ ],
  "labels" : [ {
    "name" : "parentSuite",
    "value" : "test_pytest"
  }, {
    "name" : "suite",
    "value" : "test_expectation"
  }, {
    "name" : "host",
    "value" : "IT-L-YANGYL"
  }, {
    "name" : "thread",
    "value" : "17020-MainThread"
  }, {
    "name" : "framework",
    "value" : "pytest"
  }, {
    "name" : "language",
    "value" : "cpython3"
  }, {
    "name" : "package",
    "value" : "test_pytest.test_expectation"
  }, {
    "name" : "resultFormat",
    "value" : "allure2"
  } ],
  "parameters" : [ {
    "name" : "expected",
    "value" : "42"
  }, {
    "name" : "test_input",
    "value" : "'6*9'"
  } ],
  "links" : [ ],
  "hidden" : false,
  "retry" : false,
  "extra" : {
    "severity" : "normal",
    "retries" : [ {
      "uid" : "245320c3cfd0796f",
      "status" : "failed",
      "statusDetails" : "AssertionError: assert 54 == 42\n +  where 54 = eval('6*9')",
      "time" : {
        "start" : 1647928423890,
        "stop" : 1647928423890,
        "duration" : 0
      }
    }, {
      "uid" : "c5056b8ed24071cc",
      "status" : "failed",
      "statusDetails" : "AssertionError: assert 54 == 42\n +  where 54 = eval('6*9')",
      "time" : {
        "start" : 1647928369408,
        "stop" : 1647928369408,
        "duration" : 0
      }
    }, {
      "uid" : "203beec72ea67350",
      "status" : "failed",
      "statusDetails" : "AssertionError: assert 54 == 42\n +  where 54 = eval('6*9')",
      "time" : {
        "start" : 1647928352232,
        "stop" : 1647928352232,
        "duration" : 0
      }
    } ],
    "categories" : [ {
      "name" : "Product defects",
      "matchedStatuses" : [ ],
      "flaky" : false
    } ],
    "tags" : [ ]
  },
  "source" : "76441908ea44395d.json",
  "parameterValues" : [ "42", "'6*9'" ]
}