{"name": "test_add[1-1-2]", "status": "failed", "statusDetails": {"message": "AssertionError: assert '11' == '2'\n  - 2\n  + 11", "trace": "self = <test_csv.TestGetCsv object at 0x000002A0E383CA30>, x = '1', y = '1'\nexpected = '2'\n\n    @pytest.mark.parametrize('x, y, expected', get_csv())\n    def test_add(self, x, y, expected):\n>       assert (x+y == expected)\nE       AssertionError: assert '11' == '2'\nE         - 2\nE         + 11\n\ntest_csv.py:10: AssertionError"}, "parameters": [{"name": "x", "value": "'1'"}, {"name": "y", "value": "'1'"}, {"name": "expected", "value": "'2'"}], "start": 1648018948334, "stop": 1648018948335, "uuid": "746b274d-8a9f-4486-bbf0-cd5c56b708f6", "historyId": "7d2406561c07edb5f8a43b510bf15eab", "testCaseId": "41e23d8d4f1ab7859eb2879c1876843e", "fullName": "test_pytest.test_csv.TestGetCsv#test_add", "labels": [{"name": "parentSuite", "value": "test_pytest"}, {"name": "suite", "value": "test_csv"}, {"name": "subSuite", "value": "TestGetCsv"}, {"name": "host", "value": "IT-L-YANGYL"}, {"name": "thread", "value": "6588-MainThread"}, {"name": "framework", "value": "pytest"}, {"name": "language", "value": "cpython3"}, {"name": "package", "value": "test_pytest.test_csv"}]}